This is pdfTeX, Version 3.141592653-2.6-1.40.24 (TeX Live 2022) (preloaded format=pdflatex 2022.10.10)  11 OCT 2022 21:47
entering extended mode
 restricted \write18 enabled.
 %&-line parsing enabled.
**titlepage.tex
(./titlepage.tex
LaTeX2e <2022-06-01> patch level 5
L3 programming layer <2022-09-28>

! LaTeX Error: Environment titlepage undefined.

See the LaTeX manual or LaTeX Companion for explanation.
Type  H <return>  for immediate help.
 ...                                              
                                                  
l.1 \begin{titlepage}
                     
Your command was ignored.
Type  I <command> <return>  to replace it with another command,
or  <return>  to continue without it.

! Undefined control sequence.
l.2    \Large
             {
The control sequence at the end of the top line
of your error message was never \def'ed. If you have
misspelled it (e.g., `\hobx'), type `I' and the correct
spelling (e.g., `I\hbox'). Otherwise just continue,
and I'll forget about whatever was undefined.


! LaTeX Error: Missing \begin{document}.

See the LaTeX manual or LaTeX Companion for explanation.
Type  H <return>  for immediate help.
 ...                                              
                                                  
l.3    \begin{center}
                     
You're in trouble here.  Try typing  <return>  to proceed.
If that doesn't work, type  X <return>  to quit.


Overfull \hbox (20.0pt too wide) in paragraph at lines 3--3
[] 
 []


Overfull \hbox (28.22899pt too wide) in paragraph at lines 6--7
 \OT1/cmr/bx/n/10 Tarea 
 []


Overfull \hbox (5.74997pt too wide) in paragraph at lines 6--7
 \OT1/cmr/bx/n/10 3 
 []


Overfull \hbox (21.77069pt too wide) in paragraph at lines 12--12
 []\OT1/cmr/bx/n/10 Ivan 
 []


Overfull \hbox (22.20125pt too wide) in paragraph at lines 12--12
 \OT1/cmr/bx/n/10 San- 
 []


Overfull \hbox (11.49994pt too wide) in paragraph at lines 12--12
 \OT1/cmr/bx/n/10 ti- 
 []


Overfull \hbox (17.09016pt too wide) in paragraph at lines 12--12
 \OT1/cmr/bx/n/10 ago 
 []


Overfull \hbox (18.20824pt too wide) in paragraph at lines 12--12
 \OT1/cmr/bx/n/10 Ro- 
 []


Overfull \hbox (13.64017pt too wide) in paragraph at lines 12--12
 \OT1/cmr/bx/n/10 jas 
 []


Overfull \hbox (25.07625pt too wide) in paragraph at lines 12--12
 \OT1/cmr/bx/n/10 Mar- 
 []


Overfull \hbox (24.43738pt too wide) in paragraph at lines 12--12
 \OT1/cmr/bx/n/10 tinez 
 []

Missing character: There is no E in font nullfont!
Missing character: There is no s in font nullfont!
Missing character: There is no t in font nullfont!
Missing character: There is no u in font nullfont!
Missing character: There is no d in font nullfont!
Missing character: There is no i in font nullfont!
Missing character: There is no a in font nullfont!
Missing character: There is no n in font nullfont!
Missing character: There is no t in font nullfont!
Missing character: There is no e in font nullfont!
Missing character: There is no s in font nullfont!
Missing character: There is no d in font nullfont!
Missing character: There is no e in font nullfont!
Missing character: There is no P in font nullfont!
Missing character: There is no r in font nullfont!
Missing character: There is no e in font nullfont!
Missing character: There is no g in font nullfont!
Missing character: There is no r in font nullfont!
Missing character: There is no a in font nullfont!
Missing character: There is no d in font nullfont!
Missing character: There is no o in font nullfont!
Missing character: There is no e in font nullfont!
Missing character: There is no n in font nullfont!
Missing character: There is no E in font nullfont!
Missing character: There is no s in font nullfont!
Missing character: There is no t in font nullfont!
Missing character: There is no a in font nullfont!
Missing character: There is no d in font nullfont!
LaTeX Font Info:    Trying to load font information for +cmr on input line 16.
LaTeX Font Info:    No file cmr.fd. on input line 16.

LaTeX Font Warning: Font shape `/cmr/m/n' undefined
(Font)              using `/cmr/m/n' instead on input line 16.

! Corrupted NFSS tables.
wrong@fontshape ...message {Corrupted NFSS tables}
                                                  error@fontshape else let f...
l.16        Estudiantes de Pregrado en Estadí
                                              stica
This error message was generated by an \errmessage
command, so I can't give any explicit help.
Pretend that you're Hercule Poirot: Examine all clues,
and deduce the truth by order and method.


LaTeX Font Warning: Font shape `/cmr/m/n' undefined
(Font)              using `OT1/cmr/m/n' instead on input line 16.

Missing character: There is no s in font nullfont!
Missing character: There is no t in font nullfont!
Missing character: There is no i in font nullfont!
Missing character: There is no c in font nullfont!
Missing character: There is no a in font nullfont!

Overfull \hbox (7.7778pt too wide) in paragraph at lines 16--17
 \/cmr/m/n/10 ^^S^^P 
 []

Missing character: There is no D in font nullfont!
Missing character: There is no o in font nullfont!
Missing character: There is no c in font nullfont!
Missing character: There is no e in font nullfont!
Missing character: There is no n in font nullfont!
Missing character: There is no t in font nullfont!
Missing character: There is no e in font nullfont!

Overfull \hbox (31.95818pt too wide) in paragraph at lines 24--25
 []\OT1/cmr/bx/n/10 V^^S^^Pctor 
 []


Overfull \hbox (13.94437pt too wide) in paragraph at lines 24--25
 \OT1/cmr/bx/n/10 Ig- 
 []


Overfull \hbox (15.8124pt too wide) in paragraph at lines 24--25
 \OT1/cmr/bx/n/10 na- 
 []


Overfull \hbox (14.05548pt too wide) in paragraph at lines 24--25
 \OT1/cmr/bx/n/10 cio 
 []


Overfull \hbox (29.75679pt too wide) in paragraph at lines 24--25
 \OT1/cmr/bx/n/10 L^^Sopez 
 []

Missing character: There is no A in font nullfont!
Missing character: There is no s in font nullfont!
Missing character: There is no i in font nullfont!
Missing character: There is no g in font nullfont!
Missing character: There is no n in font nullfont!
Missing character: There is no a in font nullfont!
Missing character: There is no t in font nullfont!
Missing character: There is no u in font nullfont!
Missing character: There is no r in font nullfont!
Missing character: There is no a in font nullfont!

Overfull \hbox (33.95953pt too wide) in paragraph at lines 34--35
 []\OT1/cmr/bx/n/10 Dise~no 
 []


Overfull \hbox (11.65967pt too wide) in paragraph at lines 34--35
 \OT1/cmr/bx/n/10 de 
 []


Overfull \hbox (17.45824pt too wide) in paragraph at lines 34--35
 \OT1/cmr/bx/n/10 Ex- 
 []


Overfull \hbox (20.54852pt too wide) in paragraph at lines 34--35
 \OT1/cmr/bx/n/10 per- 
 []


Overfull \hbox (7.02774pt too wide) in paragraph at lines 34--35
 \OT1/cmr/bx/n/10 i- 
 []


Overfull \hbox (25.07626pt too wide) in paragraph at lines 34--35
 \OT1/cmr/bx/n/10 men- 
 []


Overfull \hbox (14.75824pt too wide) in paragraph at lines 34--35
 \OT1/cmr/bx/n/10 tos 
 []

! Undefined control sequence.
l.41        \includegraphics
                            [width=0.4\textwidth]{DocumentFormat/logounal.png}
The control sequence at the end of the top line
of your error message was never \def'ed. If you have
misspelled it (e.g., `\hobx'), type `I' and the correct
spelling (e.g., `I\hbox'). Otherwise just continue,
and I'll forget about whatever was undefined.

Missing character: There is no [ in font nullfont!
Missing character: There is no w in font nullfont!
Missing character: There is no i in font nullfont!
Missing character: There is no d in font nullfont!
Missing character: There is no t in font nullfont!
Missing character: There is no h in font nullfont!
Missing character: There is no = in font nullfont!
Missing character: There is no 0 in font nullfont!
Missing character: There is no . in font nullfont!
Missing character: There is no 4 in font nullfont!
! Missing number, treated as zero.
<to be read again> 
                   ]
l.41        \includegraphics[width=0.4\textwidth]
                                                 {DocumentFormat/logounal.png}
A number should have been here; I inserted `0'.
(If you can't figure out why I needed to see a number,
look up `weird error' in the index to The TeXbook.)

! Illegal unit of measure (pt inserted).
<to be read again> 
                   ]
l.41        \includegraphics[width=0.4\textwidth]
                                                 {DocumentFormat/logounal.png}
Dimensions can be in units of em, ex, in, pt, pc,
cm, mm, dd, cc, nd, nc, bp, or sp; but yours is a new one!
I'll assume that you meant to say pt, for printer's points.
To recover gracefully from this error, it's best to
delete the erroneous units; e.g., type `2' to delete
two letters. (See Chapter 27 of The TeXbook.)

Missing character: There is no ] in font nullfont!
Missing character: There is no D in font nullfont!
Missing character: There is no o in font nullfont!
Missing character: There is no c in font nullfont!
Missing character: There is no u in font nullfont!
Missing character: There is no m in font nullfont!
Missing character: There is no e in font nullfont!
Missing character: There is no n in font nullfont!
Missing character: There is no t in font nullfont!
Missing character: There is no F in font nullfont!
Missing character: There is no o in font nullfont!
Missing character: There is no r in font nullfont!
Missing character: There is no m in font nullfont!
Missing character: There is no a in font nullfont!
Missing character: There is no t in font nullfont!
Missing character: There is no / in font nullfont!
Missing character: There is no l in font nullfont!
Missing character: There is no o in font nullfont!
Missing character: There is no g in font nullfont!
Missing character: There is no o in font nullfont!
Missing character: There is no u in font nullfont!
Missing character: There is no n in font nullfont!
Missing character: There is no a in font nullfont!
Missing character: There is no l in font nullfont!
Missing character: There is no . in font nullfont!
Missing character: There is no p in font nullfont!
Missing character: There is no n in font nullfont!
Missing character: There is no g in font nullfont!
Missing character: There is no S in font nullfont!
Missing character: There is no e in font nullfont!
Missing character: There is no d in font nullfont!
Missing character: There is no e in font nullfont!
Missing character: There is no M in font nullfont!
Missing character: There is no e in font nullfont!
Missing character: There is no d in font nullfont!
Missing character: There is no e in font nullfont!
Missing character: There is no l in font nullfont!
Missing character: There is no l in font nullfont!
Missing character: There is no n in font nullfont!

Overfull \hbox (2.77779pt too wide) in paragraph at lines 43--43
 \/cmr/m/n/10 ^^S^^P 
 []

Missing character: There is no O in font nullfont!
Missing character: There is no c in font nullfont!
Missing character: There is no t in font nullfont!
Missing character: There is no u in font nullfont!
Missing character: There is no b in font nullfont!
Missing character: There is no r in font nullfont!
Missing character: There is no e in font nullfont!
Missing character: There is no 1 in font nullfont!
Missing character: There is no 1 in font nullfont!
Missing character: There is no d in font nullfont!
Missing character: There is no e in font nullfont!
Missing character: There is no 2 in font nullfont!
Missing character: There is no 0 in font nullfont!
Missing character: There is no 2 in font nullfont!
Missing character: There is no 2 in font nullfont!

! LaTeX Error: \begin{document} ended by \end{titlepage}.

See the LaTeX manual or LaTeX Companion for explanation.
Type  H <return>  for immediate help.
 ...                                              
                                                  
l.48 \end{titlepage}
                    
Your command was ignored.
Type  I <command> <return>  to replace it with another command,
or  <return>  to continue without it.

)
! Emergency stop.
<*> titlepage.tex
                 
*** (job aborted, no legal \end found)

 
Here is how much of TeX's memory you used:
 33 strings out of 477013
 529 string characters out of 5827608
 336601 words of memory out of 5000000
 21287 multiletter control sequences out of 15000+600000
 469567 words of font info for 29 fonts, out of 8000000 for 9000
 14 hyphenation exceptions out of 8191
 23i,1n,32p,119b,151s stack positions out of 10000i,1000n,20000p,200000b,200000s
!  ==> Fatal error occurred, no output PDF file produced!
